# JRE version: OpenJDK Runtime Environment (8.0_152-b06) (build 1.8.0_152-release-1136-b06)
# Java VM: OpenJDK 64-Bit Server VM (25.152-b06 mixed mode linux-amd64 compressed oops)
Heap:
 PSYoungGen      total 250880K, used 26142K [0x00000000e0000000, 0x00000000f1100000, 0x0000000100000000)
  eden space 222720K, 0% used [0x00000000e0000000,0x00000000e0000000,0x00000000ed980000)
  from space 28160K, 92% used [0x00000000ed980000,0x00000000ef307960,0x00000000ef500000)
  to   space 20480K, 0% used [0x00000000ef500000,0x00000000ef500000,0x00000000f0900000)
 ParOldGen       total 90112K, used 78449K [0x00000000a0000000, 0x00000000a5800000, 0x00000000e0000000)
  object space 90112K, 87% used [0x00000000a0000000,0x00000000a4c9c628,0x00000000a5800000)
 Metaspace       used 81211K, capacity 83910K, committed 84056K, reserved 1122304K
  class space    used 10755K, capacity 11378K, committed 11392K, reserved 1048576K
GC Heap History (10 events):
Event: 26,858 GC heap after
Heap after GC invocations=13 (full 2):
 PSYoungGen      total 135168K, used 11233K [0x00000000e0000000, 0x00000000ec480000, 0x0000000100000000)
  eden space 123904K, 0% used [0x00000000e0000000,0x00000000e0000000,0x00000000e7900000)
  from space 11264K, 99% used [0x00000000e7900000,0x00000000e83f85d8,0x00000000e8400000)
  to   space 13824K, 0% used [0x00000000eb700000,0x00000000eb700000,0x00000000ec480000)
 ParOldGen       total 46080K, used 17090K [0x00000000a0000000, 0x00000000a2d00000, 0x00000000e0000000)
  object space 46080K, 37% used [0x00000000a0000000,0x00000000a10b0ac8,0x00000000a2d00000)
 Metaspace       used 41897K, capacity 42614K, committed 42840K, reserved 1085440K
  class space    used 5676K, capacity 5932K, committed 6016K, reserved 1048576K
}
Event: 33,643 GC heap before
{Heap before GC invocations=14 (full 2):
 PSYoungGen      total 135168K, used 135137K [0x00000000e0000000, 0x00000000ec480000, 0x0000000100000000)
  eden space 123904K, 100% used [0x00000000e0000000,0x00000000e7900000,0x00000000e7900000)
  from space 11264K, 99% used [0x00000000e7900000,0x00000000e83f85d8,0x00000000e8400000)
  to   space 13824K, 0% used [0x00000000eb700000,0x00000000eb700000,0x00000000ec480000)
 ParOldGen       total 46080K, used 17090K [0x00000000a0000000, 0x00000000a2d00000, 0x00000000e0000000)
  object space 46080K, 37% used [0x00000000a0000000,0x00000000a10b0ac8,0x00000000a2d00000)
 Metaspace       used 52629K, capacity 54122K, committed 54488K, reserved 1095680K
  class space    used 7156K, capacity 7564K, committed 7680K, reserved 1048576K
Event: 33,696 GC heap after
Heap after GC invocations=14 (full 2):
 PSYoungGen      total 184320K, used 11139K [0x00000000e0000000, 0x00000000ec400000, 0x0000000100000000)
  eden space 171008K, 0% used [0x00000000e0000000,0x00000000e0000000,0x00000000ea700000)
  from space 13312K, 83% used [0x00000000eb700000,0x00000000ec1e0dc8,0x00000000ec400000)
  to   space 14848K, 0% used [0x00000000ea700000,0x00000000ea700000,0x00000000eb580000)
 ParOldGen       total 46080K, used 26542K [0x00000000a0000000, 0x00000000a2d00000, 0x00000000e0000000)
  object space 46080K, 57% used [0x00000000a0000000,0x00000000a19eba30,0x00000000a2d00000)
 Metaspace       used 52629K, capacity 54122K, committed 54488K, reserved 1095680K
  class space    used 7156K, capacity 7564K, committed 7680K, reserved 1048576K
}
Event: 55,473 GC heap before
{Heap before GC invocations=15 (full 2):
 PSYoungGen      total 184320K, used 159390K [0x00000000e0000000, 0x00000000ec400000, 0x0000000100000000)
  eden space 171008K, 86% used [0x00000000e0000000,0x00000000e90c6ab8,0x00000000ea700000)
  from space 13312K, 83% used [0x00000000eb700000,0x00000000ec1e0dc8,0x00000000ec400000)
  to   space 14848K, 0% used [0x00000000ea700000,0x00000000ea700000,0x00000000eb580000)
 ParOldGen       total 46080K, used 26542K [0x00000000a0000000, 0x00000000a2d00000, 0x00000000e0000000)
  object space 46080K, 57% used [0x00000000a0000000,0x00000000a19eba30,0x00000000a2d00000)
 Metaspace       used 57375K, capacity 58960K, committed 59028K, reserved 1099776K
  class space    used 7755K, capacity 8145K, committed 8192K, reserved 1048576K
Event: 55,565 GC heap after
Heap after GC invocations=15 (full 2):
 PSYoungGen      total 185856K, used 14832K [0x00000000e0000000, 0x00000000f0900000, 0x0000000100000000)
  eden space 171008K, 0% used [0x00000000e0000000,0x00000000e0000000,0x00000000ea700000)
  from space 14848K, 99% used [0x00000000ea700000,0x00000000eb57c080,0x00000000eb580000)
  to   space 20480K, 0% used [0x00000000ef500000,0x00000000ef500000,0x00000000f0900000)
 ParOldGen       total 46080K, used 34990K [0x00000000a0000000, 0x00000000a2d00000, 0x00000000e0000000)
  object space 46080K, 75% used [0x00000000a0000000,0x00000000a222b888,0x00000000a2d00000)
 Metaspace       used 57375K, capacity 58960K, committed 59028K, reserved 1099776K
  class space    used 7755K, capacity 8145K, committed 8192K, reserved 1048576K
}
Event: 55,565 GC heap before
{Heap before GC invocations=16 (full 3):
 PSYoungGen      total 185856K, used 14832K [0x00000000e0000000, 0x00000000f0900000, 0x0000000100000000)
  eden space 171008K, 0% used [0x00000000e0000000,0x00000000e0000000,0x00000000ea700000)
  from space 14848K, 99% used [0x00000000ea700000,0x00000000eb57c080,0x00000000eb580000)
  to   space 20480K, 0% used [0x00000000ef500000,0x00000000ef500000,0x00000000f0900000)
 ParOldGen       total 46080K, used 34990K [0x00000000a0000000, 0x00000000a2d00000, 0x00000000e0000000)
  object space 46080K, 75% used [0x00000000a0000000,0x00000000a222b888,0x00000000a2d00000)
 Metaspace       used 57375K, capacity 58960K, committed 59028K, reserved 1099776K
  class space    used 7755K, capacity 8145K, committed 8192K, reserved 1048576K
Event: 56,037 GC heap after
Heap after GC invocations=16 (full 3):
 PSYoungGen      total 185856K, used 0K [0x00000000e0000000, 0x00000000f0900000, 0x0000000100000000)
  eden space 171008K, 0% used [0x00000000e0000000,0x00000000e0000000,0x00000000ea700000)
  from space 14848K, 0% used [0x00000000ea700000,0x00000000ea700000,0x00000000eb580000)
  to   space 20480K, 0% used [0x00000000ef500000,0x00000000ef500000,0x00000000f0900000)
 ParOldGen       total 90112K, used 45350K [0x00000000a0000000, 0x00000000a5800000, 0x00000000e0000000)
  object space 90112K, 50% used [0x00000000a0000000,0x00000000a2c49978,0x00000000a5800000)
 Metaspace       used 57372K, capacity 58948K, committed 59028K, reserved 1099776K
  class space    used 7754K, capacity 8143K, committed 8192K, reserved 1048576K
}
Event: 100,431 GC heap before
{Heap before GC invocations=17 (full 3):
 PSYoungGen      total 185856K, used 171008K [0x00000000e0000000, 0x00000000f0900000, 0x0000000100000000)
  eden space 171008K, 100% used [0x00000000e0000000,0x00000000ea700000,0x00000000ea700000)
  from space 14848K, 0% used [0x00000000ea700000,0x00000000ea700000,0x00000000eb580000)
  to   space 20480K, 0% used [0x00000000ef500000,0x00000000ef500000,0x00000000f0900000)
 ParOldGen       total 90112K, used 45350K [0x00000000a0000000, 0x00000000a5800000, 0x00000000e0000000)
  object space 90112K, 50% used [0x00000000a0000000,0x00000000a2c49978,0x00000000a5800000)
 Metaspace       used 64546K, capacity 66278K, committed 66648K, reserved 1107968K
  class space    used 8556K, capacity 8978K, committed 9088K, reserved 1048576K
Event: 100,703 GC heap after
Heap after GC invocations=17 (full 3):
 PSYoungGen      total 243200K, used 20474K [0x00000000e0000000, 0x00000000f1100000, 0x0000000100000000)
  eden space 222720K, 0% used [0x00000000e0000000,0x00000000e0000000,0x00000000ed980000)
  from space 20480K, 99% used [0x00000000ef500000,0x00000000f08fe848,0x00000000f0900000)
  to   space 28160K, 0% used [0x00000000ed980000,0x00000000ed980000,0x00000000ef500000)
 ParOldGen       total 90112K, used 58139K [0x00000000a0000000, 0x00000000a5800000, 0x00000000e0000000)
  object space 90112K, 64% used [0x00000000a0000000,0x00000000a38c6fb0,0x00000000a5800000)
 Metaspace       used 64546K, capacity 66278K, committed 66648K, reserved 1107968K
  class space    used 8556K, capacity 8978K, committed 9088K, reserved 1048576K
}
Event: 122,451 GC heap before
{Heap before GC invocations=18 (full 3):
 PSYoungGen      total 243200K, used 243194K [0x00000000e0000000, 0x00000000f1100000, 0x0000000100000000)
  eden space 222720K, 100% used [0x00000000e0000000,0x00000000ed980000,0x00000000ed980000)
  from space 20480K, 99% used [0x00000000ef500000,0x00000000f08fe848,0x00000000f0900000)
  to   space 28160K, 0% used [0x00000000ed980000,0x00000000ed980000,0x00000000ef500000)
 ParOldGen       total 90112K, used 58139K [0x00000000a0000000, 0x00000000a5800000, 0x00000000e0000000)
  object space 90112K, 64% used [0x00000000a0000000,0x00000000a38c6fb0,0x00000000a5800000)
 Metaspace       used 81211K, capacity 83910K, committed 84056K, reserved 1122304K
  class space    used 10755K, capacity 11378K, committed 11392K, reserved 1048576K

